c:\dev\frua_convert\fruaexport\release\vc140.pdb
c:\dev\frua_convert\fruaexport\release\utilities.obj
c:\dev\frua_convert\fruaexport\release\stdafx.obj
c:\dev\frua_convert\fruaexport\release\globals.obj
c:\dev\frua_convert\fruaexport\release\fruavocab.obj
c:\dev\frua_convert\fruaexport\release\fruastringtables.obj
c:\dev\frua_convert\fruaexport\release\fruaspells.obj
c:\dev\frua_convert\fruaexport\release\fruasoundfiles.obj
c:\dev\frua_convert\fruaexport\release\fruamonster.obj
c:\dev\frua_convert\fruaexport\release\frualevels.obj
c:\dev\frua_convert\fruaexport\release\fruaitems.obj
c:\dev\frua_convert\fruaexport\release\fruagamedat.obj
c:\dev\frua_convert\fruaexport\release\fruaexport.obj
c:\dev\frua_convert\fruaexport\release\fruaartfiles.obj
c:\dev\frua_convert\fruaexport\release\fruaexport.tlog\cl.command.1.tlog
c:\dev\frua_convert\fruaexport\release\fruaexport.tlog\cl.read.1.tlog
c:\dev\frua_convert\fruaexport\release\fruaexport.tlog\cl.write.1.tlog
c:\dev\frua_convert\fruaexport\release\fruaexport.tlog\link.command.1.tlog
c:\dev\frua_convert\fruaexport\release\fruaexport.tlog\link.read.1.tlog
c:\dev\frua_convert\fruaexport\release\fruaexport.tlog\link.write.1.tlog
